app/build/intermediates/manifest_merge_blame_file/debug/manifest-merger-blame-debug-report.txt
1<?xml version="1.0" encoding="utf-8"?>
2<manifest xmlns:android="http://schemas.android.com/apk/res/android"
3    package="com.example.myapplication"
4    android:versionCode="1"
5    android:versionName="1.0" >
6
7    <uses-sdk
8        android:minSdkVersion="21"
8-->src/main/AndroidManifest.xml
9        android:targetSdkVersion="33" />
9-->src/main/AndroidManifest.xml
10
11    <uses-permission android:name="android.permission.INTERNET" />
11-->[com.google.firebase:firebase-auth:21.0.3] AndroidManifest.xml:23:5-67
11-->[com.google.firebase:firebase-auth:21.0.3] AndroidManifest.xml:23:22-64
12    <uses-permission android:name="android.permission.ACCESS_NETWORK_STATE" />
12-->[com.google.firebase:firebase-auth:21.0.3] AndroidManifest.xml:24:5-79
12-->[com.google.firebase:firebase-auth:21.0.3] AndroidManifest.xml:24:22-76
13
14    <permission
14-->[androidx.core:core:1.9.0] AndroidManifest.xml:22:5-24:47
15        android:name="com.example.myapplication.DYNAMIC_RECEIVER_NOT_EXPORTED_PERMISSION"
15-->[androidx.core:core:1.9.0] AndroidManifest.xml:23:9-81
16        android:protectionLevel="signature" />
16-->[androidx.core:core:1.9.0] AndroidManifest.xml:24:9-44
17
18    <uses-permission android:name="com.example.myapplication.DYNAMIC_RECEIVER_NOT_EXPORTED_PERMISSION" />
18-->[androidx.core:core:1.9.0] AndroidManifest.xml:26:5-97
18-->[androidx.core:core:1.9.0] AndroidManifest.xml:26:22-94
19
20    <application
20-->src/main/AndroidManifest.xml:6:5-59:19
21        android:allowBackup="true"
21-->src/main/AndroidManifest.xml:7:9-35
22        android:appComponentFactory="androidx.core.app.CoreComponentFactory"
22-->[androidx.core:core:1.9.0] AndroidManifest.xml:28:18-86
23        android:dataExtractionRules="@xml/data_extraction_rules"
23-->src/main/AndroidManifest.xml:8:9-65
24        android:debuggable="true"
25        android:fullBackupContent="@xml/backup_rules"
25-->src/main/AndroidManifest.xml:9:9-54
26        android:icon="@mipmap/ic_launcher"
26-->src/main/AndroidManifest.xml:10:9-43
27        android:label="@string/app_name"
27-->src/main/AndroidManifest.xml:11:9-41
28        android:roundIcon="@mipmap/ic_launcher_round"
28-->src/main/AndroidManifest.xml:12:9-54
29        android:supportsRtl="true"
29-->src/main/AndroidManifest.xml:13:9-35
30        android:theme="@style/Theme.MyApplication" >
30-->src/main/AndroidManifest.xml:14:9-51
31        <activity
31-->src/main/AndroidManifest.xml:16:9-18:40
32            android:name="com.example.myapplication.PlantIntroduce"
32-->src/main/AndroidManifest.xml:17:13-43
33            android:exported="false" />
33-->src/main/AndroidManifest.xml:18:13-37
34        <activity
34-->src/main/AndroidManifest.xml:19:9-21:40
35            android:name="com.example.myapplication.ProfileActivity"
35-->src/main/AndroidManifest.xml:20:13-44
36            android:exported="false" />
36-->src/main/AndroidManifest.xml:21:13-37
37        <activity
37-->src/main/AndroidManifest.xml:22:9-24:40
38            android:name="com.example.myapplication.search_plant_Activity"
38-->src/main/AndroidManifest.xml:23:13-50
39            android:exported="false" />
39-->src/main/AndroidManifest.xml:24:13-37
40        <activity
40-->src/main/AndroidManifest.xml:25:9-27:40
41            android:name="com.example.myapplication.WeatherActivity"
41-->src/main/AndroidManifest.xml:26:13-44
42            android:exported="false" />
42-->src/main/AndroidManifest.xml:27:13-37
43        <activity
43-->src/main/AndroidManifest.xml:28:9-30:40
44            android:name="com.example.myapplication.Signup2"
44-->src/main/AndroidManifest.xml:29:13-36
45            android:exported="false" />
45-->src/main/AndroidManifest.xml:30:13-37
46        <activity
46-->src/main/AndroidManifest.xml:31:9-33:40
47            android:name="com.example.myapplication.Signup"
47-->src/main/AndroidManifest.xml:32:13-35
48            android:exported="false" />
48-->src/main/AndroidManifest.xml:33:13-37
49        <activity
49-->src/main/AndroidManifest.xml:34:9-36:40
50            android:name="com.example.myapplication.ProfileFragment"
50-->src/main/AndroidManifest.xml:35:13-44
51            android:exported="false" />
51-->src/main/AndroidManifest.xml:36:13-37
52        <activity
52-->src/main/AndroidManifest.xml:37:9-39:40
53            android:name="com.example.myapplication.ForumFragment"
53-->src/main/AndroidManifest.xml:38:13-42
54            android:exported="false" />
54-->src/main/AndroidManifest.xml:39:13-37
55        <activity
55-->src/main/AndroidManifest.xml:40:9-42:40
56            android:name="com.example.myapplication.AssignmentActivity"
56-->src/main/AndroidManifest.xml:41:13-47
57            android:exported="false" />
57-->src/main/AndroidManifest.xml:42:13-37
58        <activity
58-->src/main/AndroidManifest.xml:43:9-45:40
59            android:name="com.example.myapplication.LoginActivity"
59-->src/main/AndroidManifest.xml:44:13-42
60            android:exported="false" />
60-->src/main/AndroidManifest.xml:45:13-37
61        <activity
61-->src/main/AndroidManifest.xml:46:9-54:20
62            android:name="com.example.myapplication.MainActivity"
62-->src/main/AndroidManifest.xml:47:13-41
63            android:exported="true" >
63-->src/main/AndroidManifest.xml:48:13-36
64            <intent-filter>
64-->src/main/AndroidManifest.xml:49:13-53:29
65                <action android:name="android.intent.action.MAIN" />
65-->src/main/AndroidManifest.xml:50:17-69
65-->src/main/AndroidManifest.xml:50:25-66
66
67                <category android:name="android.intent.category.LAUNCHER" />
67-->src/main/AndroidManifest.xml:52:17-77
67-->src/main/AndroidManifest.xml:52:27-74
68            </intent-filter>
69        </activity>
70
71        <meta-data
71-->src/main/AndroidManifest.xml:56:9-58:57
72            android:name="preloaded_fonts"
72-->src/main/AndroidManifest.xml:57:13-43
73            android:resource="@array/preloaded_fonts" />
73-->src/main/AndroidManifest.xml:58:13-54
74
75        <activity
75-->[com.google.firebase:firebase-auth:21.0.3] AndroidManifest.xml:27:9-44:20
76            android:name="com.google.firebase.auth.internal.GenericIdpActivity"
76-->[com.google.firebase:firebase-auth:21.0.3] AndroidManifest.xml:28:13-80
77            android:excludeFromRecents="true"
77-->[com.google.firebase:firebase-auth:21.0.3] AndroidManifest.xml:29:13-46
78            android:exported="true"
78-->[com.google.firebase:firebase-auth:21.0.3] AndroidManifest.xml:30:13-36
79            android:launchMode="singleTask"
79-->[com.google.firebase:firebase-auth:21.0.3] AndroidManifest.xml:31:13-44
80            android:theme="@android:style/Theme.Translucent.NoTitleBar" >
80-->[com.google.firebase:firebase-auth:21.0.3] AndroidManifest.xml:32:13-72
81            <intent-filter>
81-->[com.google.firebase:firebase-auth:21.0.3] AndroidManifest.xml:33:13-43:29
82                <action android:name="android.intent.action.VIEW" />
82-->[com.google.firebase:firebase-auth:21.0.3] AndroidManifest.xml:34:17-69
82-->[com.google.firebase:firebase-auth:21.0.3] AndroidManifest.xml:34:25-66
83
84                <category android:name="android.intent.category.DEFAULT" />
84-->[com.google.firebase:firebase-auth:21.0.3] AndroidManifest.xml:36:17-76
84-->[com.google.firebase:firebase-auth:21.0.3] AndroidManifest.xml:36:27-73
85                <category android:name="android.intent.category.BROWSABLE" />
85-->[com.google.firebase:firebase-auth:21.0.3] AndroidManifest.xml:37:17-78
85-->[com.google.firebase:firebase-auth:21.0.3] AndroidManifest.xml:37:27-75
86
87                <data
87-->[com.google.firebase:firebase-auth:21.0.3] AndroidManifest.xml:39:17-42:51
88                    android:host="firebase.auth"
88-->[com.google.firebase:firebase-auth:21.0.3] AndroidManifest.xml:40:21-49
89                    android:path="/"
89-->[com.google.firebase:firebase-auth:21.0.3] AndroidManifest.xml:41:21-37
90                    android:scheme="genericidp" />
90-->[com.google.firebase:firebase-auth:21.0.3] AndroidManifest.xml:42:21-48
91            </intent-filter>
92        </activity>
93        <activity
93-->[com.google.firebase:firebase-auth:21.0.3] AndroidManifest.xml:45:9-62:20
94            android:name="com.google.firebase.auth.internal.RecaptchaActivity"
94-->[com.google.firebase:firebase-auth:21.0.3] AndroidManifest.xml:46:13-79
95            android:excludeFromRecents="true"
95-->[com.google.firebase:firebase-auth:21.0.3] AndroidManifest.xml:47:13-46
96            android:exported="true"
96-->[com.google.firebase:firebase-auth:21.0.3] AndroidManifest.xml:48:13-36
97            android:launchMode="singleTask"
97-->[com.google.firebase:firebase-auth:21.0.3] AndroidManifest.xml:49:13-44
98            android:theme="@android:style/Theme.Translucent.NoTitleBar" >
98-->[com.google.firebase:firebase-auth:21.0.3] AndroidManifest.xml:50:13-72
99            <intent-filter>
99-->[com.google.firebase:firebase-auth:21.0.3] AndroidManifest.xml:51:13-61:29
100                <action android:name="android.intent.action.VIEW" />
100-->[com.google.firebase:firebase-auth:21.0.3] AndroidManifest.xml:34:17-69
100-->[com.google.firebase:firebase-auth:21.0.3] AndroidManifest.xml:34:25-66
101
102                <category android:name="android.intent.category.DEFAULT" />
102-->[com.google.firebase:firebase-auth:21.0.3] AndroidManifest.xml:36:17-76
102-->[com.google.firebase:firebase-auth:21.0.3] AndroidManifest.xml:36:27-73
103                <category android:name="android.intent.category.BROWSABLE" />
103-->[com.google.firebase:firebase-auth:21.0.3] AndroidManifest.xml:37:17-78
103-->[com.google.firebase:firebase-auth:21.0.3] AndroidManifest.xml:37:27-75
104
105                <data
105-->[com.google.firebase:firebase-auth:21.0.3] AndroidManifest.xml:39:17-42:51
106                    android:host="firebase.auth"
106-->[com.google.firebase:firebase-auth:21.0.3] AndroidManifest.xml:40:21-49
107                    android:path="/"
107-->[com.google.firebase:firebase-auth:21.0.3] AndroidManifest.xml:41:21-37
108                    android:scheme="recaptcha" />
108-->[com.google.firebase:firebase-auth:21.0.3] AndroidManifest.xml:42:21-48
109            </intent-filter>
110        </activity>
111
112        <service
112-->[com.google.firebase:firebase-auth:21.0.3] AndroidManifest.xml:64:9-70:19
113            android:name="com.google.firebase.components.ComponentDiscoveryService"
113-->[com.google.firebase:firebase-auth:21.0.3] AndroidManifest.xml:65:13-84
114            android:directBootAware="true"
114-->[com.google.firebase:firebase-common:20.1.0] AndroidManifest.xml:35:13-43
115            android:exported="false" >
115-->[com.google.firebase:firebase-auth:21.0.3] AndroidManifest.xml:66:13-37
116            <meta-data
116-->[com.google.firebase:firebase-auth:21.0.3] AndroidManifest.xml:67:13-69:85
117                android:name="com.google.firebase.components:com.google.firebase.auth.FirebaseAuthRegistrar"
117-->[com.google.firebase:firebase-auth:21.0.3] AndroidManifest.xml:68:17-109
118                android:value="com.google.firebase.components.ComponentRegistrar" />
118-->[com.google.firebase:firebase-auth:21.0.3] AndroidManifest.xml:69:17-82
119        </service>
120
121        <provider
121-->[com.squareup.picasso:picasso:2.71828] AndroidManifest.xml:8:9-11:40
122            android:name="com.squareup.picasso.PicassoProvider"
122-->[com.squareup.picasso:picasso:2.71828] AndroidManifest.xml:9:13-64
123            android:authorities="com.example.myapplication.com.squareup.picasso"
123-->[com.squareup.picasso:picasso:2.71828] AndroidManifest.xml:10:13-72
124            android:exported="false" />
124-->[com.squareup.picasso:picasso:2.71828] AndroidManifest.xml:11:13-37
125        <provider
125-->[com.google.firebase:firebase-common:20.1.0] AndroidManifest.xml:26:9-31:39
126            android:name="com.google.firebase.provider.FirebaseInitProvider"
126-->[com.google.firebase:firebase-common:20.1.0] AndroidManifest.xml:27:13-77
127            android:authorities="com.example.myapplication.firebaseinitprovider"
127-->[com.google.firebase:firebase-common:20.1.0] AndroidManifest.xml:28:13-72
128            android:directBootAware="true"
128-->[com.google.firebase:firebase-common:20.1.0] AndroidManifest.xml:29:13-43
129            android:exported="false"
129-->[com.google.firebase:firebase-common:20.1.0] AndroidManifest.xml:30:13-37
130            android:initOrder="100" />
130-->[com.google.firebase:firebase-common:20.1.0] AndroidManifest.xml:31:13-36
131
132        <activity
132-->[com.google.android.gms:play-services-base:18.1.0] AndroidManifest.xml:20:9-22:45
133            android:name="com.google.android.gms.common.api.GoogleApiActivity"
133-->[com.google.android.gms:play-services-base:18.1.0] AndroidManifest.xml:20:19-85
134            android:exported="false"
134-->[com.google.android.gms:play-services-base:18.1.0] AndroidManifest.xml:22:19-43
135            android:theme="@android:style/Theme.Translucent.NoTitleBar" />
135-->[com.google.android.gms:play-services-base:18.1.0] AndroidManifest.xml:21:19-78
136
137        <meta-data
137-->[com.google.android.gms:play-services-basement:18.1.0] AndroidManifest.xml:21:9-23:69
138            android:name="com.google.android.gms.version"
138-->[com.google.android.gms:play-services-basement:18.1.0] AndroidManifest.xml:22:13-58
139            android:value="@integer/google_play_services_version" />
139-->[com.google.android.gms:play-services-basement:18.1.0] AndroidManifest.xml:23:13-66
140
141        <provider
141-->[androidx.emoji2:emoji2:1.2.0] AndroidManifest.xml:24:9-32:20
142            android:name="androidx.startup.InitializationProvider"
142-->[androidx.emoji2:emoji2:1.2.0] AndroidManifest.xml:25:13-67
143            android:authorities="com.example.myapplication.androidx-startup"
143-->[androidx.emoji2:emoji2:1.2.0] AndroidManifest.xml:26:13-68
144            android:exported="false" >
144-->[androidx.emoji2:emoji2:1.2.0] AndroidManifest.xml:27:13-37
145            <meta-data
145-->[androidx.emoji2:emoji2:1.2.0] AndroidManifest.xml:29:13-31:52
146                android:name="androidx.emoji2.text.EmojiCompatInitializer"
146-->[androidx.emoji2:emoji2:1.2.0] AndroidManifest.xml:30:17-75
147                android:value="androidx.startup" />
147-->[androidx.emoji2:emoji2:1.2.0] AndroidManifest.xml:31:17-49
148            <meta-data
148-->[androidx.lifecycle:lifecycle-process:2.4.1] AndroidManifest.xml:31:13-33:52
149                android:name="androidx.lifecycle.ProcessLifecycleInitializer"
149-->[androidx.lifecycle:lifecycle-process:2.4.1] AndroidManifest.xml:32:17-78
150                android:value="androidx.startup" />
150-->[androidx.lifecycle:lifecycle-process:2.4.1] AndroidManifest.xml:33:17-49
151        </provider>
152
153        <uses-library
153-->[androidx.window:window:1.0.0] AndroidManifest.xml:25:9-27:40
154            android:name="androidx.window.extensions"
154-->[androidx.window:window:1.0.0] AndroidManifest.xml:26:13-54
155            android:required="false" />
155-->[androidx.window:window:1.0.0] AndroidManifest.xml:27:13-37
156        <uses-library
156-->[androidx.window:window:1.0.0] AndroidManifest.xml:28:9-30:40
157            android:name="androidx.window.sidecar"
157-->[androidx.window:window:1.0.0] AndroidManifest.xml:29:13-51
158            android:required="false" />
158-->[androidx.window:window:1.0.0] AndroidManifest.xml:30:13-37
159    </application>
160
161</manifest>